[LOG] SystemI::init                            : FMOD Studio Version: 00010814 (80900)
[LOG] SystemI::init                            : maxchannels = 1024, flags = 00030000, extradriverdata = 0000000000000000
[LOG] SystemI::close                           : 
[LOG] SystemI::close                           : Stop all sounds
[LOG] SystemI::close                           : done.

[LOG] OutputWASAPI::init                       : Mix Format (WAVEFORMATEX): wFormatTag=0xFFFE, nChannels=2, nSamplesPerSec=48000, nAvgBytesPerSec=384000, nBlockAlign=8, wBitsPerSample=32, cbSize=22.
[LOG] OutputWASAPI::init                       : Mix Format (WAVEFORMATEXTENSIBLE): wValidBitsPerSample=32, dwChannelMask=0x00000003, SubFormat=00000003-0000-0010-8000-00AA00389B71.
[LOG] OutputWASAPI::init                       : Output buffer size: 4096 samples, latency: 0.00ms, period: 10.00ms, DSP buffer: 1024 * 4
[LOG] Thread::initThread                       : Initializing FMOD mixer thread.  priority 3
[LOG] Thread::initThread                       : - Stacksize 49152.  Stack pointer 0000000000000000 : usesemaphore = 0 : sleeptime = 0
[LOG] Thread::callback                         : * FMOD mixer thread started
[LOG] SystemI::init                            : Set up emulated output
[LOG] SystemI::init                            : create the channel pool
[LOG] Thread::initThread                       : Initializing FMOD stream thread.  priority 2
[LOG] Thread::initThread                       : - Stacksize 65536.  Stack pointer 0000000000000000 : usesemaphore = 0 : sleeptime = 10
[LOG] Thread::callback                         : * FMOD stream thread started
[LOG] Thread::initThread                       : Initializing FMOD Studio update thread.  priority 0
[LOG] Thread::initThread                       : - Stacksize 65536.  Stack pointer 0000000000000000 : usesemaphore = 0 : sleeptime = 1
[LOG] Thread::callback                         : * FMOD Studio update thread started
[LOG] Thread::initThread                       : Initializing FMOD Studio sample load thread.  priority 0
[LOG] Thread::initThread                       : - Stacksize 65536.  Stack pointer 0000000000000000 : usesemaphore = 0 : sleeptime = 1
[LOG] Thread::callback                         : * FMOD Studio sample load thread started
[LOG] LiveUpdate::init                         : 
[LOG] Thread::initThread                       : Initializing FMOD Studio bank load thread.  priority 0
[LOG] Thread::initThread                       : - Stacksize 65536.  Stack pointer 0000000000000000 : usesemaphore = 0 : sleeptime = 1
[LOG] Thread::callback                         : * FMOD Studio bank load thread started
[LOG] Profile::init                            : Profiler listening on port: 9264
[LOG] Manager::readBank                        : fileversion = 80, compatVersion = 70 (oldest = 44, newest = 80)
[LOG] Manager::readBank                        : fileversion = 80, compatVersion = 70 (oldest = 44, newest = 80)
[LOG] PlaybackSystem::acquireMasterBus         : Setting master channel group format to 6
[LOG] SystemI::createSound                     : filename = FMOD Project\Build\Desktop/Master Bank.bank : mode 02010082
[LOG] SystemI::createSound                     : FMOD_NONBLOCKING specified.  Putting into queue to be opened asynchronously!
[LOG] Thread::initThread                       : Initializing FMOD nonblocking thread (0).  priority 1
[LOG] Thread::initThread                       : - Stacksize 81920.  Stack pointer 0000000000000000 : usesemaphore = 1 : sleeptime = 0
[LOG] Thread::callback                         : * FMOD nonblocking thread (0) started
[LOG] SystemI::createSound                     : setdata soundi = 0000000014F413C8 : node = 0000000010F9D700
[LOG] SystemI::createSound                     : add node to async list : head = 0000000010F72348.  list count = 0
[LOG] AsyncThread::threadFunc                  : Starting Asynchronous operation on sound 0000000014F413C8
[LOG] SystemI::createSoundInternal             :     filename = FMOD Project\Build\Desktop/Master Bank.bank : mode 02010082
[LOG] SystemI::createSoundInternal             :     exinfo->cbsize             = 232
[LOG] SystemI::createSoundInternal             :     exinfo->length             = 256896
[LOG] SystemI::createSoundInternal             :     exinfo->fileoffset         = 15264
[LOG] SystemI::createSoundInternal             :     exinfo->numsubsounds       = 1
[LOG] SystemI::createSoundInternal             :     exinfo->inclusionlist      = 0000000010F9D818
[LOG] SystemI::createSoundInternal             :     exinfo->inclusionlistnum   = 1
[LOG] SystemI::createSoundInternal             :     exinfo->suggestedsoundtype = 5
[LOG] SystemI::createSoundInternal             :     exinfo->initialseekpostype = 1
[LOG] SystemI::createSoundInternal             :     Format has 1 subsounds.
[LOG] SystemI::createSoundInternal             :     Create as FMOD_CREATESTREAM
[LOG] System::createSoundInternal              :     decode buffersize = 19200 : blocksize = 256 : format = 2
[LOG] SystemI::createSample                    :     mode 02010082 length 19200 samples, lengthbytes 239168
[LOG] SystemI::createSample                    :     channels = 2
[LOG] SystemI::createSample                    :     output = 0000000014F384B8
[LOG] OutputSoftware::createSample             :     lengthpcm 19200, lengthbytes 239168, channels 2, format 2, freq 48000, mode 0201008a
[LOG] System::createSoundInternal              :     1 subsounds detected.
[LOG] System::createSoundInternal              :     Seek stream to start
[LOG] System::createSoundInternal              :     flush stream buffer
[LOG] System::createSoundInternal              :     flush successful.
[LOG] System::createSoundInternal              :     switch file handle from small blocking single buffered to large nonblocking doublebuffered.
[LOG] Thread::initThread                       :         Initializing FMOD file thread.  priority 1
[LOG] Thread::initThread                       :         - Stacksize 16384.  Stack pointer 0000000000000000 : usesemaphore = 0 : sleeptime = 10
[LOG] Thread::callback                         :         * FMOD file thread started
[LOG] SystemI::createSoundInternal             :     done.  OpenState now = FMOD_OPENSTATE_READY.

[LOG] AsyncThread::threadFunc                  : Finished Asynchronous operation on sound 0000000014F413C8
[LOG] SoundI::getSubSound                      : sound 0000000014F413C8.  Subsound index 0 / 1
[LOG] SystemI::createSoundInternal             : filename =  : mode 02000202
[LOG] SystemI::createSoundInternal             : exinfo->cbsize             = 232
[LOG] SystemI::createSoundInternal             : exinfo->length             = 256896
[LOG] SystemI::createSoundInternal             : exinfo->fileoffset         = 15264
[LOG] SystemI::createSoundInternal             : exinfo->numsubsounds       = 1
[LOG] SystemI::createSoundInternal             : exinfo->inclusionlist      = 0000000045BAFB38
[LOG] SystemI::createSoundInternal             : exinfo->inclusionlistnum   = 1
[LOG] SystemI::createSoundInternal             : exinfo->suggestedsoundtype = 5
[LOG] SystemI::createSoundInternal             : exinfo->useropen           = 00007FFA76015130
[LOG] SystemI::createSoundInternal             : exinfo->userclose          = 00007FFA76015100
[LOG] SystemI::createSoundInternal             : exinfo->userread           = 00007FFA76015200
[LOG] SystemI::createSoundInternal             : exinfo->userseek           = 00007FFA760152B0
[LOG] SystemI::createSoundInternal             : exinfo->fileuserdata       = 000000002A089D08
[LOG] SystemI::createSoundInternal             : exinfo->initialseekpostype = 1
[LOG] SystemI::createSoundInternal             : Format has 1 subsounds.
[LOG] SystemI::createSoundInternal             : Create as FMOD_CREATESAMPLE
[LOG] SystemI::createSoundInternal             : Multi-sample sound (1 subsounds), create a sample container.
[LOG] SystemI::createSoundInternal             : creating subsound 0/1
[LOG] SystemI::createSample                    : mode 02000202 length 11488 samples, lengthbytes 1888
[LOG] SystemI::createSample                    : channels = 1
[LOG] SystemI::createSample                    : output = 0000000014F384B8
[LOG] OutputSoftware::createSample             : lengthpcm 11488, lengthbytes 1888, channels 1, format 2, freq 48000, mode 0200020a
[LOG] SystemI::createSoundInternal             : No name found in file, use filename.
[LOG] SystemI::createSoundInternal             : done.  OpenState now = FMOD_OPENSTATE_READY.

[LOG] SystemI::createSoundInternal             : filename =  : mode 02000202
[LOG] SystemI::createSoundInternal             : exinfo->cbsize             = 232
[LOG] SystemI::createSoundInternal             : exinfo->length             = 256896
[LOG] SystemI::createSoundInternal             : exinfo->fileoffset         = 15264
[LOG] SystemI::createSoundInternal             : exinfo->numsubsounds       = 1
[LOG] SystemI::createSoundInternal             : exinfo->inclusionlist      = 0000000045BAFB38
[LOG] SystemI::createSoundInternal             : exinfo->inclusionlistnum   = 1
[LOG] SystemI::createSoundInternal             : exinfo->suggestedsoundtype = 5
[LOG] SystemI::createSoundInternal             : exinfo->useropen           = 00007FFA76015130
[LOG] SystemI::createSoundInternal             : exinfo->userclose          = 00007FFA76015100
[LOG] SystemI::createSoundInternal             : exinfo->userread           = 00007FFA76015200
[LOG] SystemI::createSoundInternal             : exinfo->userseek           = 00007FFA760152B0
[LOG] SystemI::createSoundInternal             : exinfo->fileuserdata       = 000000002A088C08
[LOG] SystemI::createSoundInternal             : exinfo->initialseekpostype = 1
[LOG] SystemI::createSoundInternal             : Format has 1 subsounds.
[LOG] SystemI::createSoundInternal             : Create as FMOD_CREATESAMPLE
[LOG] SystemI::createSoundInternal             : Multi-sample sound (1 subsounds), create a sample container.
[LOG] SystemI::createSoundInternal             : creating subsound 0/1
[LOG] SystemI::createSample                    : mode 02000202 length 13927 samples, lengthbytes 2016
[LOG] SystemI::createSample                    : channels = 1
[LOG] SystemI::createSample                    : output = 0000000014F384B8
[LOG] OutputSoftware::createSample             : lengthpcm 13927, lengthbytes 2016, channels 1, format 2, freq 48000, mode 0200020a
[LOG] SystemI::createSoundInternal             : No name found in file, use filename.
[LOG] SystemI::createSoundInternal             : done.  OpenState now = FMOD_OPENSTATE_READY.

[LOG] SystemI::createSoundInternal             : filename =  : mode 02000202
[LOG] SystemI::createSoundInternal             : exinfo->cbsize             = 232
[LOG] SystemI::createSoundInternal             : exinfo->length             = 256896
[LOG] SystemI::createSoundInternal             : exinfo->fileoffset         = 15264
[LOG] SystemI::createSoundInternal             : exinfo->numsubsounds       = 1
[LOG] SystemI::createSoundInternal             : exinfo->inclusionlist      = 0000000045BAFB38
[LOG] SystemI::createSoundInternal             : exinfo->inclusionlistnum   = 1
[LOG] SystemI::createSoundInternal             : exinfo->suggestedsoundtype = 5
[LOG] SystemI::createSoundInternal             : exinfo->useropen           = 00007FFA76015130
[LOG] SystemI::createSoundInternal             : exinfo->userclose          = 00007FFA76015100
[LOG] SystemI::createSoundInternal             : exinfo->userread           = 00007FFA76015200
[LOG] SystemI::createSoundInternal             : exinfo->userseek           = 00007FFA760152B0
[LOG] SystemI::createSoundInternal             : exinfo->fileuserdata       = 000000002A08DEE8
[LOG] SystemI::createSoundInternal             : exinfo->initialseekpostype = 1
[LOG] SystemI::createSoundInternal             : Format has 1 subsounds.
[LOG] SystemI::createSoundInternal             : Create as FMOD_CREATESAMPLE
[LOG] SystemI::createSoundInternal             : Multi-sample sound (1 subsounds), create a sample container.
[LOG] SystemI::createSoundInternal             : creating subsound 0/1
[LOG] SystemI::createSample                    : mode 02000202 length 18738 samples, lengthbytes 5536
[LOG] SystemI::createSample                    : channels = 1
[LOG] SystemI::createSample                    : output = 0000000014F384B8
[LOG] OutputSoftware::createSample             : lengthpcm 18738, lengthbytes 5536, channels 1, format 2, freq 48000, mode 0200020a
[LOG] SystemI::createSoundInternal             : No name found in file, use filename.
[LOG] SystemI::createSoundInternal             : done.  OpenState now = FMOD_OPENSTATE_READY.

[LOG] SystemI::createSound                     : filename = FMOD Project\Build\Desktop/Master Bank.bank : mode 02010082
[LOG] SystemI::createSound                     : FMOD_NONBLOCKING specified.  Putting into queue to be opened asynchronously!
[LOG] SystemI::createSound                     : setdata soundi = 0000000014F41568 : node = 0000000010F9D1C0
[LOG] SystemI::createSound                     : add node to async list : head = 0000000010F72348.  list count = 0
[LOG] AsyncThread::threadFunc                  : Starting Asynchronous operation on sound 0000000014F41568
[LOG] SystemI::createSoundInternal             : filename =  : mode 02000202
[LOG] SystemI::createSoundInternal             :     filename = FMOD Project\Build\Desktop/Master Bank.bank : mode 02010082
[LOG] SystemI::createSoundInternal             :     exinfo->cbsize             = 232
[LOG] SystemI::createSoundInternal             :     exinfo->cbsize             = 232
[LOG] SystemI::createSoundInternal             :     exinfo->length             = 256896
[LOG] SystemI::createSoundInternal             :     exinfo->length             = 256896
[LOG] SystemI::createSoundInternal             :     exinfo->fileoffset         = 15264
[LOG] SystemI::createSoundInternal             :     exinfo->fileoffset         = 15264
[LOG] SystemI::createSoundInternal             :     exinfo->numsubsounds       = 1
[LOG] SystemI::createSoundInternal             :     exinfo->numsubsounds       = 1
[LOG] SystemI::createSoundInternal             :     exinfo->inclusionlist      = 0000000045BAFB38
[LOG] SystemI::createSoundInternal             :     exinfo->inclusionlist      = 0000000010F9D2D8
[LOG] SystemI::createSoundInternal             :     exinfo->inclusionlistnum   = 1
[LOG] SystemI::createSoundInternal             :     exinfo->inclusionlistnum   = 1
[LOG] SystemI::createSoundInternal             :     exinfo->suggestedsoundtype = 5
[LOG] SystemI::createSoundInternal             :     exinfo->suggestedsoundtype = 5
[LOG] SystemI::createSoundInternal             :     exinfo->useropen           = 00007FFA76015130
[LOG] SystemI::createSoundInternal             :     exinfo->initialseekpostype = 1
[LOG] SystemI::createSoundInternal             :     exinfo->userclose          = 00007FFA76015100
[LOG] SystemI::createSoundInternal             :     exinfo->userread           = 00007FFA76015200
[LOG] SystemI::createSoundInternal             :     exinfo->userseek           = 00007FFA760152B0
[LOG] SystemI::createSoundInternal             :     exinfo->fileuserdata       = 000000002A08BAC8
[LOG] SystemI::createSoundInternal             :     exinfo->initialseekpostype = 1
[LOG] SystemI::createSoundInternal             :     Format has 1 subsounds.
[LOG] SystemI::createSoundInternal             :     Create as FMOD_CREATESAMPLE
[LOG] SystemI::createSoundInternal             :     Multi-sample sound (1 subsounds), create a sample container.
[LOG] SystemI::createSoundInternal             :     creating subsound 0/1
[LOG] SystemI::createSoundInternal             :     Format has 1 subsounds.
[LOG] SystemI::createSample                    :     mode 02000202 length 23030 samples, lengthbytes 3840
[LOG] SystemI::createSoundInternal             :     Create as FMOD_CREATESTREAM
[LOG] SystemI::createSample                    :     channels = 1
[LOG] System::createSoundInternal              :     decode buffersize = 19200 : blocksize = 256 : format = 2
[LOG] SystemI::createSample                    :     output = 0000000014F384B8
[LOG] SystemI::createSample                    :     mode 02010082 length 19200 samples, lengthbytes 239168
[LOG] OutputSoftware::createSample             :     lengthpcm 23030, lengthbytes 3840, channels 1, format 2, freq 48000, mode 0200020a
[LOG] SystemI::createSample                    :     channels = 2
[LOG] SystemI::createSample                    :     output = 0000000014F384B8
[LOG] OutputSoftware::createSample             :     lengthpcm 19200, lengthbytes 239168, channels 2, format 2, freq 48000, mode 0201008a
[LOG] System::createSoundInternal              :     1 subsounds detected.
[LOG] SystemI::createSoundInternal             :     No name found in file, use filename.
[LOG] System::createSoundInternal              :     Seek stream to start
[LOG] SystemI::createSoundInternal             :     done.  OpenState now = FMOD_OPENSTATE_READY.

[LOG] System::createSoundInternal              :     flush stream buffer
[LOG] System::createSoundInternal              :     flush successful.
[LOG] System::createSoundInternal              :     switch file handle from small blocking single buffered to large nonblocking doublebuffered.
[LOG] SystemI::createSoundInternal             :     done.  OpenState now = FMOD_OPENSTATE_READY.

[LOG] AsyncThread::threadFunc                  : Finished Asynchronous operation on sound 0000000014F41568
[LOG] SoundI::getSubSound                      : sound 0000000014F41568.  Subsound index 0 / 1
[LOG] SoundI::release                          : BGMusic_V1_loopado (0000000014F413C8)
[LOG] SoundI::release                          : remove stream samples. (0000000014F413C8)
[LOG] SoundI::release                          :     BGMusic_V1_loopado (000000002E65CD08)
[LOG] SoundI::release                          : release subsounds. (0000000014F413C8)
[LOG] SoundI::release                          :     BGMusic_V1_loopado (0000000014F42408)
[LOG] SoundI::release                          : release codec. (0000000014F413C8)
[LOG] SystemI::createSoundInternal             : filename =  : mode 02000202
[LOG] SystemI::createSoundInternal             : exinfo->cbsize             = 232
[LOG] SystemI::createSoundInternal             : exinfo->length             = 256896
[LOG] SystemI::createSoundInternal             : exinfo->fileoffset         = 15264
[LOG] SystemI::createSoundInternal             : exinfo->numsubsounds       = 1
[LOG] SystemI::createSoundInternal             : exinfo->inclusionlist      = 0000000045BAFB38
[LOG] SystemI::createSoundInternal             : exinfo->inclusionlistnum   = 1
[LOG] SystemI::createSoundInternal             : exinfo->suggestedsoundtype = 5
[LOG] SystemI::createSoundInternal             : exinfo->useropen           = 00007FFA76015130
[LOG] SystemI::createSoundInternal             : exinfo->userclose          = 00007FFA76015100
[LOG] SystemI::createSoundInternal             : exinfo->userread           = 00007FFA76015200
[LOG] SystemI::createSoundInternal             : exinfo->userseek           = 00007FFA760152B0
[LOG] SystemI::createSoundInternal             : exinfo->fileuserdata       = 000000002A08B248
[LOG] SystemI::createSoundInternal             : exinfo->initialseekpostype = 1
[LOG] SystemI::createSoundInternal             : Format has 1 subsounds.
[LOG] SystemI::createSoundInternal             : Create as FMOD_CREATESAMPLE
[LOG] SystemI::createSoundInternal             : Multi-sample sound (1 subsounds), create a sample container.
[LOG] SystemI::createSoundInternal             : creating subsound 0/1
[LOG] SystemI::createSample                    : mode 02000202 length 21746 samples, lengthbytes 3936
[LOG] SystemI::createSample                    : channels = 1
[LOG] SystemI::createSample                    : output = 0000000014F384B8
[LOG] OutputSoftware::createSample             : lengthpcm 21746, lengthbytes 3936, channels 1, format 2, freq 48000, mode 0200020a
[LOG] SystemI::createSoundInternal             : No name found in file, use filename.
[LOG] SystemI::createSoundInternal             : done.  OpenState now = FMOD_OPENSTATE_READY.

[LOG] SystemI::createSound                     : filename = FMOD Project\Build\Desktop/Master Bank.bank : mode 02010082
[LOG] SystemI::createSound                     : FMOD_NONBLOCKING specified.  Putting into queue to be opened asynchronously!
[LOG] SystemI::createSound                     : setdata soundi = 0000000014F413C8 : node = 0000000010F9D310
[LOG] SystemI::createSound                     : add node to async list : head = 0000000010F72348.  list count = 0
[LOG] AsyncThread::threadFunc                  : Starting Asynchronous operation on sound 0000000014F413C8
[LOG] SystemI::createSoundInternal             :     filename = FMOD Project\Build\Desktop/Master Bank.bank : mode 02010082
[LOG] SystemI::createSoundInternal             :     exinfo->cbsize             = 232
[LOG] SystemI::createSoundInternal             :     exinfo->length             = 256896
[LOG] SystemI::createSoundInternal             :     exinfo->fileoffset         = 15264
[LOG] SystemI::createSoundInternal             :     exinfo->numsubsounds       = 1
[LOG] SystemI::createSoundInternal             :     exinfo->inclusionlist      = 0000000010F9D428
[LOG] SystemI::createSoundInternal             :     exinfo->inclusionlistnum   = 1
[LOG] SystemI::createSoundInternal             :     exinfo->suggestedsoundtype = 5
[LOG] SystemI::createSoundInternal             :     exinfo->initialseekpostype = 1
[LOG] SystemI::createSoundInternal             :     Format has 1 subsounds.
[LOG] SystemI::createSoundInternal             :     Create as FMOD_CREATESTREAM
[LOG] System::createSoundInternal              :     decode buffersize = 19200 : blocksize = 256 : format = 2
[LOG] SystemI::createSample                    :     mode 02010082 length 19200 samples, lengthbytes 239168
[LOG] SystemI::createSample                    :     channels = 2
[LOG] SystemI::createSample                    :     output = 0000000014F384B8
[LOG] OutputSoftware::createSample             :     lengthpcm 19200, lengthbytes 239168, channels 2, format 2, freq 48000, mode 0201008a
[LOG] System::createSoundInternal              :     1 subsounds detected.
[LOG] System::createSoundInternal              :     Seek stream to start
[LOG] System::createSoundInternal              :     flush stream buffer
[LOG] System::createSoundInternal              :     flush successful.
[LOG] System::createSoundInternal              :     switch file handle from small blocking single buffered to large nonblocking doublebuffered.
[LOG] SystemI::createSoundInternal             :     done.  OpenState now = FMOD_OPENSTATE_READY.

[LOG] AsyncThread::threadFunc                  : Finished Asynchronous operation on sound 0000000014F413C8
[LOG] SoundI::getSubSound                      : sound 0000000014F413C8.  Subsound index 0 / 1
[LOG] SoundI::release                          : BGMusic_V1_loopado (0000000014F41568)
[LOG] SoundI::release                          : remove stream samples. (0000000014F41568)
[LOG] SoundI::release                          :     BGMusic_V1_loopado (000000000E1329F8)
[LOG] SoundI::release                          : release subsounds. (0000000014F41568)
[LOG] SoundI::release                          :     BGMusic_V1_loopado (0000000014F420C8)
[LOG] SoundI::release                          : release codec. (0000000014F41568)
[LOG] SystemI::createSound                     : filename = FMOD Project\Build\Desktop/Master Bank.bank : mode 02010082
[LOG] SystemI::createSound                     : FMOD_NONBLOCKING specified.  Putting into queue to be opened asynchronously!
[LOG] SystemI::createSound                     : setdata soundi = 0000000014F41708 : node = 0000000010F9C9E0
[LOG] SystemI::createSound                     : add node to async list : head = 0000000010F72348.  list count = 0
[LOG] AsyncThread::threadFunc                  : Starting Asynchronous operation on sound 0000000014F41708
[LOG] SystemI::createSoundInternal             :     filename = FMOD Project\Build\Desktop/Master Bank.bank : mode 02010082
[LOG] SystemI::createSoundInternal             :     exinfo->cbsize             = 232
[LOG] SystemI::createSoundInternal             :     exinfo->length             = 256896
[LOG] SystemI::createSoundInternal             :     exinfo->fileoffset         = 15264
[LOG] SystemI::createSoundInternal             :     exinfo->numsubsounds       = 1
[LOG] SystemI::createSoundInternal             :     exinfo->inclusionlist      = 0000000010F9CAF8
[LOG] SystemI::createSoundInternal             :     exinfo->inclusionlistnum   = 1
[LOG] SystemI::createSoundInternal             :     exinfo->suggestedsoundtype = 5
[LOG] SystemI::createSoundInternal             :     exinfo->initialseekpostype = 1
[LOG] SystemI::createSoundInternal             :     Format has 1 subsounds.
[LOG] SystemI::createSoundInternal             :     Create as FMOD_CREATESTREAM
[LOG] System::createSoundInternal              :     decode buffersize = 19200 : blocksize = 256 : format = 2
[LOG] SystemI::createSample                    :     mode 02010082 length 19200 samples, lengthbytes 239168
[LOG] SystemI::createSample                    :     channels = 2
[LOG] SystemI::createSample                    :     output = 0000000014F384B8
[LOG] OutputSoftware::createSample             :     lengthpcm 19200, lengthbytes 239168, channels 2, format 2, freq 48000, mode 0201008a
[LOG] System::createSoundInternal              :     1 subsounds detected.
[LOG] System::createSoundInternal              :     Seek stream to start
[LOG] System::createSoundInternal              :     flush stream buffer
[LOG] System::createSoundInternal              :     flush successful.
[LOG] System::createSoundInternal              :     switch file handle from small blocking single buffered to large nonblocking doublebuffered.
[LOG] SystemI::createSoundInternal             :     done.  OpenState now = FMOD_OPENSTATE_READY.

[LOG] AsyncThread::threadFunc                  : Finished Asynchronous operation on sound 0000000014F41708
[LOG] SoundI::getSubSound                      : sound 0000000014F41708.  Subsound index 0 / 1
[LOG] SoundI::release                          : BGMusic_V1_loopado (0000000014F413C8)
[LOG] SoundI::release                          : remove stream samples. (0000000014F413C8)
[LOG] SoundI::release                          :     BGMusic_V1_loopado (000000002E65C3A8)
[LOG] SoundI::release                          : release subsounds. (0000000014F413C8)
[LOG] SoundI::release                          :     BGMusic_V1_loopado (0000000014F41A48)
[LOG] SoundI::release                          : release codec. (0000000014F413C8)
[LOG] SoundI::release                          : BGMusic_V1_loopado (0000000014F41708)
[LOG] SoundI::release                          : remove stream samples. (0000000014F41708)
[LOG] SoundI::release                          :     BGMusic_V1_loopado (000000002E4F84C8)
[LOG] SoundI::release                          : release subsounds. (0000000014F41708)
[LOG] SoundI::release                          :     BGMusic_V1_loopado (0000000014F42408)
[LOG] SoundI::release                          : release codec. (0000000014F41708)
[LOG] SoundI::release                          :  (0000000010F5E478)
[LOG] SoundI::release                          : release subsounds. (0000000010F5E478)
[LOG] SoundI::release                          :     Pickup_Coin (000000002EB27668)
[LOG] SoundI::release                          : release codec. (0000000010F5E478)
[LOG] SoundI::release                          :  (0000000010F5DEB8)
[LOG] SoundI::release                          : release subsounds. (0000000010F5DEB8)
[LOG] SoundI::release                          :     Explosion_Player (000000002E65CD08)
[LOG] SoundI::release                          : release codec. (0000000010F5DEB8)
[LOG] SoundI::release                          :  (0000000010F5DA68)
[LOG] SoundI::release                          : release subsounds. (0000000010F5DA68)
[LOG] SoundI::release                          :     Laser_Shoot (000000002E65D1B8)
[LOG] SoundI::release                          : release codec. (0000000010F5DA68)
[LOG] SoundI::release                          :  (0000000010F5DBD8)
[LOG] SoundI::release                          : release subsounds. (0000000010F5DBD8)
[LOG] SoundI::release                          :     Laser_Shoot_enemy (000000002EB277F8)
[LOG] SoundI::release                          : release codec. (0000000010F5DBD8)
[LOG] SoundI::release                          :  (0000000010F5F898)
[LOG] SoundI::release                          : release subsounds. (0000000010F5F898)
[LOG] SoundI::release                          :     Explosion_Enemy (0000000010F5BAD8)
[LOG] SoundI::release                          : release codec. (0000000010F5F898)
[LOG] Thread::callback                         : * FMOD Studio update thread finished
[LOG] Thread::close                            : FMOD Studio update thread thread destroyed
[LOG] Thread::callback                         : * FMOD Studio bank load thread finished
[LOG] Thread::close                            : FMOD Studio bank load thread thread destroyed
[LOG] Profile::disconnectAll                   : Profiler disconnecting all clients
[LOG] Thread::callback                         : * FMOD Studio sample load thread finished
[LOG] Thread::close                            : FMOD Studio sample load thread thread destroyed
[LOG] LiveUpdate::release                      : 
[LOG] LiveUpdate::reset                        : Reset connection (reason Disconnected)
[LOG] SystemI::close                           : 
[LOG] SystemI::close                           : Stop all sounds
[LOG] Thread::callback                         : * FMOD stream thread finished
[LOG] Thread::close                            : FMOD stream thread thread destroyed
[LOG] SystemI::close                           : Stream thread destroyed
[LOG] Thread::callback                         : * FMOD mixer thread finished
[LOG] Thread::close                            : FMOD mixer thread thread destroyed
[LOG] SystemI::close                           : Free master channel group.
[LOG] SystemI::close                           : Remove 'master' sound group.
[LOG] SystemI::close                           : Free software output.
[LOG] SystemI::close                           : Free emulated output.
[LOG] SystemI::close                           : Free channel pool.
[LOG] Thread::callback                         : * FMOD nonblocking thread (0) finished
[LOG] Thread::close                            : FMOD nonblocking thread (0) thread destroyed
[LOG] Thread::callback                         : * FMOD file thread finished
[LOG] Thread::close                            : FMOD file thread thread destroyed
[LOG] SystemI::close                           : done.

